This is pdfTeX, Version 3.141592653-2.6-1.40.25 (TeX Live 2023/Debian) (preloaded format=pdflatex 2024.9.10)  19 SEP 2024 19:03
entering extended mode
 restricted \write18 enabled.
 file:line:error style messages enabled.
 %&-line parsing enabled.
**/home/kip/projects/MathsRequiredForAI/latex/mathfund.tex
(/home/kip/projects/MathsRequiredForAI/latex/mathfund.tex
LaTeX2e <2023-11-01> patch level 1
L3 programming layer <2024-01-22>
(/usr/share/texlive/texmf-dist/tex/latex/base/article.cls
Document Class: article 2023/05/17 v1.4n Standard LaTeX document class
(/usr/share/texlive/texmf-dist/tex/latex/base/size11.clo
File: size11.clo 2023/05/17 v1.4n Standard LaTeX file (size option)
)
\c@part=\count187
\c@section=\count188
\c@subsection=\count189
\c@subsubsection=\count190
\c@paragraph=\count191
\c@subparagraph=\count192
\c@figure=\count193
\c@table=\count194
\abovecaptionskip=\skip48
\belowcaptionskip=\skip49
\bibindent=\dimen140
) (/usr/share/texlive/texmf-dist/tex/latex/amsmath/amsmath.sty
Package: amsmath 2023/05/13 v2.17o AMS math features
\@mathmargin=\skip50

For additional information on amsmath, use the `?' option.
(/usr/share/texlive/texmf-dist/tex/latex/amsmath/amstext.sty
Package: amstext 2021/08/26 v2.01 AMS text
 (/usr/share/texlive/texmf-dist/tex/latex/amsmath/amsgen.sty
File: amsgen.sty 1999/11/30 v2.0 generic functions
\@emptytoks=\toks17
\ex@=\dimen141
)) (/usr/share/texlive/texmf-dist/tex/latex/amsmath/amsbsy.sty
Package: amsbsy 1999/11/29 v1.2d Bold Symbols
\pmbraise@=\dimen142
) (/usr/share/texlive/texmf-dist/tex/latex/amsmath/amsopn.sty
Package: amsopn 2022/04/08 v2.04 operator names
)
\inf@bad=\count195
LaTeX Info: Redefining \frac on input line 234.
\uproot@=\count196
\leftroot@=\count197
LaTeX Info: Redefining \overline on input line 399.
LaTeX Info: Redefining \colon on input line 410.
\classnum@=\count198
\DOTSCASE@=\count199
LaTeX Info: Redefining \ldots on input line 496.
LaTeX Info: Redefining \dots on input line 499.
LaTeX Info: Redefining \cdots on input line 620.
\Mathstrutbox@=\box51
\strutbox@=\box52
LaTeX Info: Redefining \big on input line 722.
LaTeX Info: Redefining \Big on input line 723.
LaTeX Info: Redefining \bigg on input line 724.
LaTeX Info: Redefining \Bigg on input line 725.
\big@size=\dimen143
LaTeX Font Info:    Redeclaring font encoding OML on input line 743.
LaTeX Font Info:    Redeclaring font encoding OMS on input line 744.
\macc@depth=\count266
LaTeX Info: Redefining \bmod on input line 905.
LaTeX Info: Redefining \pmod on input line 910.
LaTeX Info: Redefining \smash on input line 940.
LaTeX Info: Redefining \relbar on input line 970.
LaTeX Info: Redefining \Relbar on input line 971.
\c@MaxMatrixCols=\count267
\dotsspace@=\muskip16
\c@parentequation=\count268
\dspbrk@lvl=\count269
\tag@help=\toks18
\row@=\count270
\column@=\count271
\maxfields@=\count272
\andhelp@=\toks19
\eqnshift@=\dimen144
\alignsep@=\dimen145
\tagshift@=\dimen146
\tagwidth@=\dimen147
\totwidth@=\dimen148
\lineht@=\dimen149
\@envbody=\toks20
\multlinegap=\skip51
\multlinetaggap=\skip52
\mathdisplay@stack=\toks21
LaTeX Info: Redefining \[ on input line 2953.
LaTeX Info: Redefining \] on input line 2954.
) (/usr/share/texlive/texmf-dist/tex/latex/amsfonts/amssymb.sty
Package: amssymb 2013/01/14 v3.01 AMS font symbols
 (/usr/share/texlive/texmf-dist/tex/latex/amsfonts/amsfonts.sty
Package: amsfonts 2013/01/14 v3.01 Basic AMSFonts support
\symAMSa=\mathgroup4
\symAMSb=\mathgroup5
LaTeX Font Info:    Redeclaring math symbol \hbar on input line 98.
LaTeX Font Info:    Overwriting math alphabet `\mathfrak' in version `bold'
(Font)                  U/euf/m/n --> U/euf/b/n on input line 106.
)) (/usr/share/texlive/texmf-dist/tex/latex/graphics/graphicx.sty
Package: graphicx 2021/09/16 v1.2d Enhanced LaTeX Graphics (DPC,SPQR)
 (/usr/share/texlive/texmf-dist/tex/latex/graphics/keyval.sty
Package: keyval 2022/05/29 v1.15 key=value parser (DPC)
\KV@toks@=\toks22
) (/usr/share/texlive/texmf-dist/tex/latex/graphics/graphics.sty
Package: graphics 2022/03/10 v1.4e Standard LaTeX Graphics (DPC,SPQR)
 (/usr/share/texlive/texmf-dist/tex/latex/graphics/trig.sty
Package: trig 2021/08/11 v1.11 sin cos tan (DPC)
) (/usr/share/texlive/texmf-dist/tex/latex/graphics-cfg/graphics.cfg
File: graphics.cfg 2016/06/04 v1.11 sample graphics configuration
)
Package graphics Info: Driver file: pdftex.def on input line 107.
 (/usr/share/texlive/texmf-dist/tex/latex/graphics-def/pdftex.def
File: pdftex.def 2022/09/22 v1.2b Graphics/color driver for pdftex
))
\Gin@req@height=\dimen150
\Gin@req@width=\dimen151
) (/usr/share/texlive/texmf-dist/tex/latex/geometry/geometry.sty
Package: geometry 2020/01/02 v5.9 Page Geometry
 (/usr/share/texlive/texmf-dist/tex/generic/iftex/ifvtex.sty
Package: ifvtex 2019/10/25 v1.7 ifvtex legacy package. Use iftex instead.
 (/usr/share/texlive/texmf-dist/tex/generic/iftex/iftex.sty
Package: iftex 2022/02/03 v1.0f TeX engine tests
))
\Gm@cnth=\count273
\Gm@cntv=\count274
\c@Gm@tempcnt=\count275
\Gm@bindingoffset=\dimen152
\Gm@wd@mp=\dimen153
\Gm@odd@mp=\dimen154
\Gm@even@mp=\dimen155
\Gm@layoutwidth=\dimen156
\Gm@layoutheight=\dimen157
\Gm@layouthoffset=\dimen158
\Gm@layoutvoffset=\dimen159
\Gm@dimlist=\toks23
) (/usr/share/texlive/texmf-dist/tex/latex/l3backend/l3backend-pdftex.def
File: l3backend-pdftex.def 2024-01-04 L3 backend support: PDF output (pdfTeX)
\l__color_backend_stack_int=\count276
\l__pdf_internal_box=\box53
) (./mathfund.aux)
\openout1 = `mathfund.aux'.

LaTeX Font Info:    Checking defaults for OML/cmm/m/it on input line 14.
LaTeX Font Info:    ... okay on input line 14.
LaTeX Font Info:    Checking defaults for OMS/cmsy/m/n on input line 14.
LaTeX Font Info:    ... okay on input line 14.
LaTeX Font Info:    Checking defaults for OT1/cmr/m/n on input line 14.
LaTeX Font Info:    ... okay on input line 14.
LaTeX Font Info:    Checking defaults for T1/cmr/m/n on input line 14.
LaTeX Font Info:    ... okay on input line 14.
LaTeX Font Info:    Checking defaults for TS1/cmr/m/n on input line 14.
LaTeX Font Info:    ... okay on input line 14.
LaTeX Font Info:    Checking defaults for OMX/cmex/m/n on input line 14.
LaTeX Font Info:    ... okay on input line 14.
LaTeX Font Info:    Checking defaults for U/cmr/m/n on input line 14.
LaTeX Font Info:    ... okay on input line 14.
 (/usr/share/texlive/texmf-dist/tex/context/base/mkii/supp-pdf.mkii
[Loading MPS to PDF converter (version 2006.09.02).]
\scratchcounter=\count277
\scratchdimen=\dimen160
\scratchbox=\box54
\nofMPsegments=\count278
\nofMParguments=\count279
\everyMPshowfont=\toks24
\MPscratchCnt=\count280
\MPscratchDim=\dimen161
\MPnumerator=\count281
\makeMPintoPDFobject=\count282
\everyMPtoPDFconversion=\toks25
) (/usr/share/texlive/texmf-dist/tex/latex/epstopdf-pkg/epstopdf-base.sty
Package: epstopdf-base 2020-01-24 v2.11 Base part for package epstopdf
Package epstopdf-base Info: Redefining graphics rule for `.eps' on input line 485.
 (/usr/share/texlive/texmf-dist/tex/latex/latexconfig/epstopdf-sys.cfg
File: epstopdf-sys.cfg 2010/07/13 v1.3 Configuration of (r)epstopdf for TeX Live
))
*geometry* driver: auto-detecting
*geometry* detected driver: pdftex
*geometry* verbose mode - [ preamble ] result:
* driver: pdftex
* paper: a3paper
* layout: <same size as paper>
* layoutoffset:(h,v)=(0.0pt,0.0pt)
* modes: 
* h-part:(L,W,R)=(36.135pt, 772.77686pt, 36.135pt)
* v-part:(T,H,B)=(36.135pt, 1122.74576pt, 36.135pt)
* \paperwidth=845.04684pt
* \paperheight=1195.01575pt
* \textwidth=491.43622pt
* \textheight=668.4975pt
* \oddsidemargin=0.0pt
* \evensidemargin=-36.135pt
* \topmargin=-36.135pt
* \headheight=12.0pt
* \headsep=25.0pt
* \topskip=11.0pt
* \footskip=30.0pt
* \marginparwidth=59.0pt
* \marginparsep=10.0pt
* \columnsep=10.0pt
* \skip\footins=10.0pt plus 4.0pt minus 2.0pt
* \hoffset=0.0pt
* \voffset=0.0pt
* \mag=1000
* \@twocolumnfalse
* \@twosidefalse
* \@mparswitchfalse
* \@reversemarginfalse
* (1in=72.27pt=25.4mm, 1cm=28.453pt)

LaTeX Font Info:    Trying to load font information for U+msa on input line 26.
(/usr/share/texlive/texmf-dist/tex/latex/amsfonts/umsa.fd
File: umsa.fd 2013/01/14 v3.01 AMS symbols A
)
LaTeX Font Info:    Trying to load font information for U+msb on input line 26.
 (/usr/share/texlive/texmf-dist/tex/latex/amsfonts/umsb.fd
File: umsb.fd 2013/01/14 v3.01 AMS symbols B
)
Overfull \hbox (33.3219pt too wide) detected at line 90
[] \OML/cmm/m/it/14.4 R[] \OMS/cmsy/m/n/14.4 $ \OML/cmm/m/it/14.4 R[] [] R[] \OT1/cmr/m/n/14.4 = \OML/cmm/m/it/14.4 R[] \OT1/cmr/m/n/14.4 + \OML/cmm/m/it/14.4 R[] []
 []


Overfull \hbox (3.15417pt too wide) detected at line 104
\OML/cmm/m/it/14.4 R[] \OT1/cmr/m/n/14.4 = \OML/cmm/m/it/14.4 R[] \OMS/cmsy/m/n/14.4 ^^@ \OT1/cmr/m/n/14.4 3\OML/cmm/m/it/14.4 R[] [] R[] \OT1/cmr/m/n/14.4 = \OML/cmm/m/it/14.4 R[] \OMS/cmsy/m/n/14.4 ^^@ \OT1/cmr/m/n/14.4 4\OML/cmm/m/it/14.4 R[] []
 []

[1

{/var/lib/texmf/fonts/map/pdftex/updmap/pdftex.map}] [2] [3]
Overfull \hbox (33.58775pt too wide) detected at line 328
\OML/cmm/m/it/14.4 R[] \OT1/cmr/m/n/14.4 = \OML/cmm/m/it/14.4 R[] \OT1/cmr/m/n/14.4 + \OML/cmm/m/it/14.4 R[] [] R[] \OT1/cmr/m/n/14.4 = \OML/cmm/m/it/14.4 R[] \OT1/cmr/m/n/14.4 + \OML/cmm/m/it/14.4 R[] []
 []


Overfull \hbox (51.83897pt too wide) detected at line 343
\OML/cmm/m/it/14.4 R[] \OT1/cmr/m/n/14.4 = []\OML/cmm/m/it/14.4 R[] [] R[] \OT1/cmr/m/n/14.4 = \OML/cmm/m/it/14.4 R[] \OT1/cmr/m/n/14.4 + []\OML/cmm/m/it/14.4 R[] []
 []


Overfull \hbox (34.08884pt too wide) detected at line 358
\OML/cmm/m/it/14.4 R[] \OT1/cmr/m/n/14.4 = \OML/cmm/m/it/14.4 R[] \OT1/cmr/m/n/14.4 + []\OML/cmm/m/it/14.4 R[] [] R[] \OT1/cmr/m/n/14.4 = []\OML/cmm/m/it/14.4 R[] []
 []


Overfull \hbox (57.13748pt too wide) detected at line 373
\OML/cmm/m/it/14.4 R[] \OT1/cmr/m/n/14.4 = \OML/cmm/m/it/14.4 R[] \OT1/cmr/m/n/14.4 + []\OML/cmm/m/it/14.4 R[] [] R[] \OT1/cmr/m/n/14.4 = \OML/cmm/m/it/14.4 R[] \OT1/cmr/m/n/14.4 + []\OML/cmm/m/it/14.4 R[] []
 []

[4]
Overfull \hbox (55.7449pt too wide) in paragraph at lines 439--451
[][] 
 []

[5]
Overfull \hbox (11.80664pt too wide) detected at line 535
[] \OML/cmm/m/it/14.4 R[] \OT1/cmr/m/n/14.4 = []\OML/cmm/m/it/14.4 R[] []
 []


Overfull \hbox (143.40182pt too wide) detected at line 556
\OML/cmm/m/it/14.4 R[] \OT1/cmr/m/n/14.4 = \OML/cmm/m/it/14.4 R[] \OMS/cmsy/m/n/14.4 ^^@ \OT1/cmr/m/n/14.4 50\OML/cmm/m/it/14.4 R[] [] R[] \OT1/cmr/m/n/14.4 = \OML/cmm/m/it/14.4 R[] \OMS/cmsy/m/n/14.4 ^^@ \OT1/cmr/m/n/14.4 100\OML/cmm/m/it/14.4 R[] []
 []


Overfull \hbox (174.10211pt too wide) detected at line 577
\OML/cmm/m/it/14.4 R[] \OT1/cmr/m/n/14.4 = \OML/cmm/m/it/14.4 R[] \OMS/cmsy/m/n/14.4 ^^@ \OT1/cmr/m/n/14.4 50\OML/cmm/m/it/14.4 R[] [] R[] \OT1/cmr/m/n/14.4 = \OML/cmm/m/it/14.4 R[] \OMS/cmsy/m/n/14.4 ^^@ \OT1/cmr/m/n/14.4 200\OML/cmm/m/it/14.4 R[] []
 []


Overfull \hbox (156.869pt too wide) detected at line 598
\OML/cmm/m/it/14.4 R[] \OT1/cmr/m/n/14.4 = \OML/cmm/m/it/14.4 R[] \OMS/cmsy/m/n/14.4 ^^@ \OT1/cmr/m/n/14.4 300\OML/cmm/m/it/14.4 R[] [] R[] \OT1/cmr/m/n/14.4 = \OML/cmm/m/it/14.4 R[] \OT1/cmr/m/n/14.4 + \OML/cmm/m/it/14.4 R[] []
 []

[6]
Overfull \hbox (127.68663pt too wide) detected at line 619
\OML/cmm/m/it/14.4 R[] \OT1/cmr/m/n/14.4 = \OML/cmm/m/it/14.4 R[] \OT1/cmr/m/n/14.4 + 4\OML/cmm/m/it/14.4 R[] [] R[] \OT1/cmr/m/n/14.4 = []\OML/cmm/m/it/14.4 R[] []
 []


Overfull \hbox (149.11859pt too wide) detected at line 640
\OML/cmm/m/it/14.4 R[] \OT1/cmr/m/n/14.4 = \OML/cmm/m/it/14.4 R[] \OT1/cmr/m/n/14.4 + 2\OML/cmm/m/it/14.4 R[] [] R[] \OT1/cmr/m/n/14.4 = \OML/cmm/m/it/14.4 R[] \OT1/cmr/m/n/14.4 + 2\OML/cmm/m/it/14.4 R[] []
 []


Overfull \hbox (105.80229pt too wide) detected at line 661
\OML/cmm/m/it/14.4 R[] \OT1/cmr/m/n/14.4 = \OML/cmm/m/it/14.4 R[] \OT1/cmr/m/n/14.4 + \OML/cmm/m/it/14.4 R[] [] R[] \OT1/cmr/m/n/14.4 = \OML/cmm/m/it/14.4 R[] \OMS/cmsy/m/n/14.4 ^^@ \OML/cmm/m/it/14.4 R[] []
 []


Overfull \hbox (124.05222pt too wide) detected at line 682
\OML/cmm/m/it/14.4 R[] \OT1/cmr/m/n/14.4 = \OML/cmm/m/it/14.4 R[] \OMS/cmsy/m/n/14.4 ^^@ \OT1/cmr/m/n/14.4 2\OML/cmm/m/it/14.4 R[] [] R[] \OT1/cmr/m/n/14.4 = \OML/cmm/m/it/14.4 R[] \OMS/cmsy/m/n/14.4 ^^@ \OT1/cmr/m/n/14.4 0\OML/cmm/m/it/14.4 :\OT1/cmr/m/n/14.4 5\OML/cmm/m/it/14.4 R[] []
 []


Overfull \hbox (106.03578pt too wide) detected at line 703
\OML/cmm/m/it/14.4 R[] \OT1/cmr/m/n/14.4 = \OML/cmm/m/it/14.4 R[] \OMS/cmsy/m/n/14.4 ^^@ \OT1/cmr/m/n/14.4 4\OML/cmm/m/it/14.4 R[] [] R[] \OT1/cmr/m/n/14.4 = \OML/cmm/m/it/14.4 R[] \OMS/cmsy/m/n/14.4 ^^@ \OT1/cmr/m/n/14.4 6\OML/cmm/m/it/14.4 R[] []
 []

[7]
Overfull \hbox (99.25346pt too wide) detected at line 724
\OML/cmm/m/it/14.4 R[] \OT1/cmr/m/n/14.4 = \OMS/cmsy/m/n/14.4 ^^@[]\OML/cmm/m/it/14.4 R[] [] R[] \OT1/cmr/m/n/14.4 = \OML/cmm/m/it/14.4 R[] \OMS/cmsy/m/n/14.4 ^^@ \OT1/cmr/m/n/14.4 75\OML/cmm/m/it/14.4 R[] []
 []


Overfull \hbox (69.30241pt too wide) detected at line 745
\OML/cmm/m/it/14.4 R[] \OT1/cmr/m/n/14.4 = \OML/cmm/m/it/14.4 R[] \OT1/cmr/m/n/14.4 + 200\OML/cmm/m/it/14.4 R[] [] R[] \OT1/cmr/m/n/14.4 = \OML/cmm/m/it/14.4 R[] \OMS/cmsy/m/n/14.4 ^^@ \OT1/cmr/m/n/14.4 25\OML/cmm/m/it/14.4 R[] []
 []


Overfull \hbox (24.10315pt too wide) detected at line 766
\OML/cmm/m/it/14.4 R[] \OT1/cmr/m/n/14.4 = \OML/cmm/m/it/14.4 R[] \OMS/cmsy/m/n/14.4 ^^@ \OML/cmm/m/it/14.4 R[] [] R[] \OT1/cmr/m/n/14.4 = \OML/cmm/m/it/14.4 R[] \OT1/cmr/m/n/14.4 + \OML/cmm/m/it/14.4 R[] []
 []

[8]
Overfull \hbox (138.07465pt too wide) detected at line 849
[][]
 []

[9]
Overfull \hbox (250.64291pt too wide) detected at line 889
[][]
 []

[10] [11]
Overfull \hbox (68.16724pt too wide) detected at line 1063
\OML/cmm/m/it/14.4 R[] \OT1/cmr/m/n/14.4 = \OML/cmm/m/it/14.4 R[] \OMS/cmsy/m/n/14.4 ^^@ \OML/cmm/m/it/14.4 R[] [] R[] \OT1/cmr/m/n/14.4 = \OML/cmm/m/it/14.4 R[] \OMS/cmsy/m/n/14.4 ^^@ \OT1/cmr/m/n/14.4 2\OML/cmm/m/it/14.4 R[] [] R[] \OT1/cmr/m/n/14.4 = \OML/cmm/m/it/14.4 R[] \OMS/cmsy/m/n/14.4 ^^@ \OT1/cmr/m/n/14.4 3\OML/cmm/m/it/14.4 R[] []
 []


Overfull \hbox (63.13504pt too wide) detected at line 1083
\OML/cmm/m/it/14.4 R[] \OT1/cmr/m/n/14.4 = \OML/cmm/m/it/14.4 R[] \OMS/cmsy/m/n/14.4 ^^@ \OT1/cmr/m/n/14.4 2\OML/cmm/m/it/14.4 R[] [] R[] \OT1/cmr/m/n/14.4 = \OMS/cmsy/m/n/14.4 ^^@\OML/cmm/m/it/14.4 R[] [] R[] \OT1/cmr/m/n/14.4 = \OML/cmm/m/it/14.4 R[] \OMS/cmsy/m/n/14.4 ^^@ \OT1/cmr/m/n/14.4 2\OML/cmm/m/it/14.4 R[] []
 []

[12]
Overfull \hbox (141.71703pt too wide) detected at line 1162
\OML/cmm/m/it/14.4 R[] \OT1/cmr/m/n/14.4 = \OML/cmm/m/it/14.4 R[] \OMS/cmsy/m/n/14.4 ^^@ \OML/cmm/m/it/14.4 R[] [] R[] \OT1/cmr/m/n/14.4 = \OML/cmm/m/it/14.4 R[] \OMS/cmsy/m/n/14.4 ^^@ \OT1/cmr/m/n/14.4 2\OML/cmm/m/it/14.4 R[] [] R[] \OT1/cmr/m/n/14.4 = \OML/cmm/m/it/14.4 R[] \OMS/cmsy/m/n/14.4 ^^@ \OT1/cmr/m/n/14.4 3\OML/cmm/m/it/14.4 R[] []
 []


Overfull \hbox (102.20267pt too wide) detected at line 1182
\OML/cmm/m/it/14.4 R[] \OT1/cmr/m/n/14.4 = \OML/cmm/m/it/14.4 R[] \OMS/cmsy/m/n/14.4 ^^@ \OT1/cmr/m/n/14.4 2\OML/cmm/m/it/14.4 R[] [] R[] \OT1/cmr/m/n/14.4 = \OMS/cmsy/m/n/14.4 ^^@\OML/cmm/m/it/14.4 R[] [] R[] \OT1/cmr/m/n/14.4 = \OMS/cmsy/m/n/14.4 ^^@\OML/cmm/m/it/14.4 R[] []
 []


Overfull \hbox (103.96683pt too wide) detected at line 1202
\OML/cmm/m/it/14.4 R[] \OT1/cmr/m/n/14.4 = \OML/cmm/m/it/14.4 R[] \OMS/cmsy/m/n/14.4 ^^@ \OT1/cmr/m/n/14.4 2\OML/cmm/m/it/14.4 R[] [] R[] \OT1/cmr/m/n/14.4 = \OML/cmm/m/it/14.4 R[] \OMS/cmsy/m/n/14.4 ^^@ \OT1/cmr/m/n/14.4 3\OML/cmm/m/it/14.4 R[] [] R[] \OT1/cmr/m/n/14.4 = \OML/cmm/m/it/14.4 R[] \OMS/cmsy/m/n/14.4 ^^@ \OT1/cmr/m/n/14.4 2\OML/cmm/m/it/14.4 R[] []
 []

[13]
Overfull \hbox (115.16685pt too wide) detected at line 1320
\OML/cmm/m/it/14.4 R[] \OT1/cmr/m/n/14.4 = \OML/cmm/m/it/14.4 R[] \OMS/cmsy/m/n/14.4 ^^@ \OT1/cmr/m/n/14.4 2\OML/cmm/m/it/14.4 R[] [] R[] \OT1/cmr/m/n/14.4 = \OML/cmm/m/it/14.4 R[] \OMS/cmsy/m/n/14.4 ^^@ \OT1/cmr/m/n/14.4 3\OML/cmm/m/it/14.4 R[] [] R[] \OT1/cmr/m/n/14.4 = \OML/cmm/m/it/14.4 R[] \OMS/cmsy/m/n/14.4 ^^@ \OT1/cmr/m/n/14.4 2\OML/cmm/m/it/14.4 R[] []
 []

[14]
Underfull \hbox (badness 10000) in paragraph at lines 1386--1387

 []

[15]
Overfull \hbox (3.15417pt too wide) detected at line 1486
\OML/cmm/m/it/14.4 R[] \OT1/cmr/m/n/14.4 = \OML/cmm/m/it/14.4 R[] \OMS/cmsy/m/n/14.4 ^^@ \OT1/cmr/m/n/14.4 3\OML/cmm/m/it/14.4 R[] [] R[] \OT1/cmr/m/n/14.4 = \OML/cmm/m/it/14.4 R[] \OMS/cmsy/m/n/14.4 ^^@ \OT1/cmr/m/n/14.4 2\OML/cmm/m/it/14.4 R[] []
 []


Overfull \hbox (143.53532pt too wide) detected at line 1506
\OML/cmm/m/it/14.4 R[] \OT1/cmr/m/n/14.4 = []\OML/cmm/m/it/14.4 R[] [] R[] \OT1/cmr/m/n/14.4 = \OMS/cmsy/m/n/14.4 ^^@\OML/cmm/m/it/14.4 R[] [] R[] \OT1/cmr/m/n/14.4 = \OML/cmm/m/it/14.4 R[] \OMS/cmsy/m/n/14.4 ^^@ \OT1/cmr/m/n/14.4 3\OML/cmm/m/it/14.4 R[] []
 []

[16] (./mathfund.aux)
 ***********
LaTeX2e <2023-11-01> patch level 1
L3 programming layer <2024-01-22>
 ***********
 ) 
Here is how much of TeX's memory you used:
 3072 strings out of 474222
 44694 string characters out of 5748733
 1970975 words of memory out of 5000000
 25324 multiletter control sequences out of 15000+600000
 561893 words of font info for 51 fonts, out of 8000000 for 9000
 1141 hyphenation exceptions out of 8191
 57i,13n,65p,673b,422s stack positions out of 10000i,1000n,20000p,200000b,200000s
</usr/share/texlive/texmf-dist/fonts/type1/public/amsfonts/cm/cmbx12.pfb></usr/share/texlive/texmf-dist/fonts/type1/public/amsfonts/cm/cmex10.pfb></usr/share/texlive/texmf-dist/fonts/type1/public/amsfonts/cm/cmmi10.pfb></usr/share/texlive/texmf-dist/fonts/type1/public/amsfonts/cm/cmmi12.pfb></usr/share/texlive/texmf-dist/fonts/type1/public/amsfonts/cm/cmr10.pfb></usr/share/texlive/texmf-dist/fonts/type1/public/amsfonts/cm/cmr12.pfb></usr/share/texlive/texmf-dist/fonts/type1/public/amsfonts/cm/cmsy10.pfb></usr/share/texlive/texmf-dist/fonts/type1/public/amsfonts/symbols/msbm10.pfb>
Output written on mathfund.pdf (16 pages, 125713 bytes).
PDF statistics:
 96 PDF objects out of 1000 (max. 8388607)
 61 compressed objects within 1 object stream
 0 named destinations out of 1000 (max. 500000)
 1 words of extra memory for PDF output out of 10000 (max. 10000000)

