This is pdfTeX, Version 3.141592653-2.6-1.40.25 (TeX Live 2023/Debian) (preloaded format=pdflatex 2024.9.10)  20 OCT 2024 13:25
entering extended mode
 restricted \write18 enabled.
 file:line:error style messages enabled.
 %&-line parsing enabled.
**/home/kip/projects/MathsRequiredForAI/latex/ASPHW3/hw3.tex
(/home/kip/projects/MathsRequiredForAI/latex/ASPHW3/hw3.tex
LaTeX2e <2023-11-01> patch level 1
L3 programming layer <2024-01-22>
(/usr/share/texlive/texmf-dist/tex/latex/extsizes/extarticle.cls
Document Class: extarticle 1996/10/08 v1.0 Non Standard LaTeX document class
(/usr/share/texlive/texmf-dist/tex/latex/base/size12.clo
File: size12.clo 2023/05/17 v1.4n Standard LaTeX file (size option)
) (/usr/share/texlive/texmf-dist/tex/latex/base/exscale.sty
Package: exscale 2018/09/24 v2.1i Standard LaTeX package exscale
LaTeX Font Info:    Redeclaring symbol font `largesymbols' on input line 57.
LaTeX Font Info:    Overwriting symbol font `largesymbols' in version `normal'
(Font)                  OMX/cmex/m/n --> OMX/cmex/m/n on input line 57.
LaTeX Font Info:    Overwriting symbol font `largesymbols' in version `bold'
(Font)                  OMX/cmex/m/n --> OMX/cmex/m/n on input line 57.
\big@size=\dimen140
)
\c@part=\count187
\c@section=\count188
\c@subsection=\count189
\c@subsubsection=\count190
\c@paragraph=\count191
\c@subparagraph=\count192
\c@figure=\count193
\c@table=\count194
\abovecaptionskip=\skip48
\belowcaptionskip=\skip49
\bibindent=\dimen141
) (/usr/share/texlive/texmf-dist/tex/latex/amsmath/amsmath.sty
Package: amsmath 2023/05/13 v2.17o AMS math features
\@mathmargin=\skip50

For additional information on amsmath, use the `?' option.
(/usr/share/texlive/texmf-dist/tex/latex/amsmath/amstext.sty
Package: amstext 2021/08/26 v2.01 AMS text
 (/usr/share/texlive/texmf-dist/tex/latex/amsmath/amsgen.sty
File: amsgen.sty 1999/11/30 v2.0 generic functions
\@emptytoks=\toks17
\ex@=\dimen142
)) (/usr/share/texlive/texmf-dist/tex/latex/amsmath/amsbsy.sty
Package: amsbsy 1999/11/29 v1.2d Bold Symbols
\pmbraise@=\dimen143
) (/usr/share/texlive/texmf-dist/tex/latex/amsmath/amsopn.sty
Package: amsopn 2022/04/08 v2.04 operator names
)
\inf@bad=\count195
LaTeX Info: Redefining \frac on input line 234.
\uproot@=\count196
\leftroot@=\count197
LaTeX Info: Redefining \overline on input line 399.
LaTeX Info: Redefining \colon on input line 410.
\classnum@=\count198
\DOTSCASE@=\count199
LaTeX Info: Redefining \ldots on input line 496.
LaTeX Info: Redefining \dots on input line 499.
LaTeX Info: Redefining \cdots on input line 620.
\Mathstrutbox@=\box51
\strutbox@=\box52
LaTeX Info: Redefining \big on input line 722.
LaTeX Info: Redefining \Big on input line 723.
LaTeX Info: Redefining \bigg on input line 724.
LaTeX Info: Redefining \Bigg on input line 725.
\big@size=\dimen144
LaTeX Font Info:    Redeclaring font encoding OML on input line 743.
LaTeX Font Info:    Redeclaring font encoding OMS on input line 744.
\macc@depth=\count266
LaTeX Info: Redefining \bmod on input line 905.
LaTeX Info: Redefining \pmod on input line 910.
LaTeX Info: Redefining \smash on input line 940.
LaTeX Info: Redefining \relbar on input line 970.
LaTeX Info: Redefining \Relbar on input line 971.
\c@MaxMatrixCols=\count267
\dotsspace@=\muskip16
\c@parentequation=\count268
\dspbrk@lvl=\count269
\tag@help=\toks18
\row@=\count270
\column@=\count271
\maxfields@=\count272
\andhelp@=\toks19
\eqnshift@=\dimen145
\alignsep@=\dimen146
\tagshift@=\dimen147
\tagwidth@=\dimen148
\totwidth@=\dimen149
\lineht@=\dimen150
\@envbody=\toks20
\multlinegap=\skip51
\multlinetaggap=\skip52
\mathdisplay@stack=\toks21
LaTeX Info: Redefining \[ on input line 2953.
LaTeX Info: Redefining \] on input line 2954.
) (/usr/share/texlive/texmf-dist/tex/latex/amsfonts/amssymb.sty
Package: amssymb 2013/01/14 v3.01 AMS font symbols
 (/usr/share/texlive/texmf-dist/tex/latex/amsfonts/amsfonts.sty
Package: amsfonts 2013/01/14 v3.01 Basic AMSFonts support
\symAMSa=\mathgroup4
\symAMSb=\mathgroup5
LaTeX Font Info:    Redeclaring math symbol \hbar on input line 98.
LaTeX Font Info:    Overwriting math alphabet `\mathfrak' in version `bold'
(Font)                  U/euf/m/n --> U/euf/b/n on input line 106.
)) (/usr/share/texlive/texmf-dist/tex/latex/geometry/geometry.sty
Package: geometry 2020/01/02 v5.9 Page Geometry
 (/usr/share/texlive/texmf-dist/tex/latex/graphics/keyval.sty
Package: keyval 2022/05/29 v1.15 key=value parser (DPC)
\KV@toks@=\toks22
) (/usr/share/texlive/texmf-dist/tex/generic/iftex/ifvtex.sty
Package: ifvtex 2019/10/25 v1.7 ifvtex legacy package. Use iftex instead.
 (/usr/share/texlive/texmf-dist/tex/generic/iftex/iftex.sty
Package: iftex 2022/02/03 v1.0f TeX engine tests
))
\Gm@cnth=\count273
\Gm@cntv=\count274
\c@Gm@tempcnt=\count275
\Gm@bindingoffset=\dimen151
\Gm@wd@mp=\dimen152
\Gm@odd@mp=\dimen153
\Gm@even@mp=\dimen154
\Gm@layoutwidth=\dimen155
\Gm@layoutheight=\dimen156
\Gm@layouthoffset=\dimen157
\Gm@layoutvoffset=\dimen158
\Gm@dimlist=\toks23
) (/usr/share/texlive/texmf-dist/tex/latex/l3backend/l3backend-pdftex.def
File: l3backend-pdftex.def 2024-01-04 L3 backend support: PDF output (pdfTeX)
\l__color_backend_stack_int=\count276
\l__pdf_internal_box=\box53
)

LaTeX Warning: Unused global option(s):
    [a3paper].

(./hw3.aux)
\openout1 = `hw3.aux'.

LaTeX Font Info:    Checking defaults for OML/cmm/m/it on input line 6.
LaTeX Font Info:    ... okay on input line 6.
LaTeX Font Info:    Checking defaults for OMS/cmsy/m/n on input line 6.
LaTeX Font Info:    ... okay on input line 6.
LaTeX Font Info:    Checking defaults for OT1/cmr/m/n on input line 6.
LaTeX Font Info:    ... okay on input line 6.
LaTeX Font Info:    Checking defaults for T1/cmr/m/n on input line 6.
LaTeX Font Info:    ... okay on input line 6.
LaTeX Font Info:    Checking defaults for TS1/cmr/m/n on input line 6.
LaTeX Font Info:    ... okay on input line 6.
LaTeX Font Info:    Checking defaults for OMX/cmex/m/n on input line 6.
LaTeX Font Info:    ... okay on input line 6.
LaTeX Font Info:    Checking defaults for U/cmr/m/n on input line 6.
LaTeX Font Info:    ... okay on input line 6.

*geometry* driver: auto-detecting
*geometry* detected driver: pdftex
*geometry* verbose mode - [ preamble ] result:
* driver: pdftex
* paper: a3paper
* layout: <same size as paper>
* layoutoffset:(h,v)=(0.0pt,0.0pt)
* modes: 
* h-part:(L,W,R)=(72.26999pt, 700.50687pt, 72.26999pt)
* v-part:(T,H,B)=(72.26999pt, 1050.47577pt, 72.26999pt)
* \paperwidth=845.04684pt
* \paperheight=1195.01575pt
* \textwidth=700.50687pt
* \textheight=1050.47577pt
* \oddsidemargin=0.0pt
* \evensidemargin=0.0pt
* \topmargin=-37.0pt
* \headheight=12.0pt
* \headsep=25.0pt
* \topskip=12.0pt
* \footskip=30.0pt
* \marginparwidth=44.0pt
* \marginparsep=10.0pt
* \columnsep=10.0pt
* \skip\footins=10.8pt plus 4.0pt minus 2.0pt
* \hoffset=0.0pt
* \voffset=0.0pt
* \mag=1000
* \@twocolumnfalse
* \@twosidefalse
* \@mparswitchfalse
* \@reversemarginfalse
* (1in=72.27pt=25.4mm, 1cm=28.453pt)

LaTeX Font Info:    Trying to load font information for U+msa on input line 10.
(/usr/share/texlive/texmf-dist/tex/latex/amsfonts/umsa.fd
File: umsa.fd 2013/01/14 v3.01 AMS symbols A
)
LaTeX Font Info:    Trying to load font information for U+msb on input line 10.
 (/usr/share/texlive/texmf-dist/tex/latex/amsfonts/umsb.fd
File: umsb.fd 2013/01/14 v3.01 AMS symbols B
)
Underfull \hbox (badness 10000) in paragraph at lines 74--75

 []

[1

{/var/lib/texmf/fonts/map/pdftex/updmap/pdftex.map}]
Underfull \hbox (badness 10000) in paragraph at lines 136--138

 []


Underfull \hbox (badness 10000) in paragraph at lines 141--143

 []

[2] [3]
Underfull \hbox (badness 10000) in paragraph at lines 286--287

 []

[4]
Underfull \hbox (badness 10000) in paragraph at lines 299--328

 []


Underfull \hbox (badness 10000) in paragraph at lines 378--380

 []

[5] [6]
Underfull \hbox (badness 10000) in paragraph at lines 497--499

 []


Underfull \hbox (badness 10000) in paragraph at lines 517--519

 []

[7] [8]
Underfull \hbox (badness 10000) in paragraph at lines 564--566

 []


Underfull \hbox (badness 10000) in paragraph at lines 564--566

 []


Underfull \hbox (badness 10000) in paragraph at lines 612--615

 []

[9]
Overfull \hbox (32.86931pt too wide) detected at line 637
[] \OT1/cmr/m/n/12 = []((8\OML/cmm/m/it/12 :\OT1/cmr/m/n/12 2 \OMS/cmsy/m/n/12 ^^@ \OT1/cmr/m/n/12 8\OML/cmm/m/it/12 :\OT1/cmr/m/n/12 585)[] + (8\OML/cmm/m/it/12 :\OT1/cmr/m/n/12 5 \OMS/cmsy/m/n/12 ^^@ \OT1/cmr/m/n/12 8\OML/cmm/m/it/12 :\OT1/cmr/m/n/12 585)[] + (8\OML/cmm/m/it/12 :\OT1/cmr/m/n/12 9 \OMS/cmsy/m/n/12 ^^@ \OT1/cmr/m/n/12 8\OML/cmm/m/it/12 :\OT1/cmr/m/n/12 585)[] + (9\OML/cmm/m/it/12 :\OT1/cmr/m/n/12 0 \OMS/cmsy/m/n/12 ^^@ \OT1/cmr/m/n/12 8\OML/cmm/m/it/12 :\OT1/cmr/m/n/12 585)[] + (7\OML/cmm/m/it/12 :\OT1/cmr/m/n/12 8 \OMS/cmsy/m/n/12 ^^@ \OT1/cmr/m/n/12 8\OML/cmm/m/it/12 :\OT1/cmr/m/n/12 585)[] + (8\OML/cmm/m/it/12 :\OT1/cmr/m/n/12 6 \OMS/cmsy/m/n/12 ^^@ \OT1/cmr/m/n/12 8\OML/cmm/m/it/12 :\OT1/cmr/m/n/12 585)[] + (8\OML/cmm/m/it/12 :\OT1/cmr/m/n/12 4 \OMS/cmsy/m/n/12 ^^@ \OT1/cmr/m/n/12 8\OML/cmm/m/it/12 :\OT1/cmr/m/n/12 585)[] + (8\OML/cmm/m/it/12 :\OT1/cmr/m/n/12 1 \OMS/cmsy/m/n/12 ^^@ \OT1/cmr/m/n/12 8\OML/cmm/m/it/12 :\OT1/cmr/m/n/12 585)[]
 []


Overfull \hbox (70.25134pt too wide) detected at line 640
\OT1/cmr/m/n/12 +(9\OML/cmm/m/it/12 :\OT1/cmr/m/n/12 1 \OMS/cmsy/m/n/12 ^^@ \OT1/cmr/m/n/12 8\OML/cmm/m/it/12 :\OT1/cmr/m/n/12 585)[] + (8\OML/cmm/m/it/12 :\OT1/cmr/m/n/12 7 \OMS/cmsy/m/n/12 ^^@ \OT1/cmr/m/n/12 8\OML/cmm/m/it/12 :\OT1/cmr/m/n/12 585)[] + (9\OML/cmm/m/it/12 :\OT1/cmr/m/n/12 2 \OMS/cmsy/m/n/12 ^^@ \OT1/cmr/m/n/12 8\OML/cmm/m/it/12 :\OT1/cmr/m/n/12 585)[] + (8\OML/cmm/m/it/12 :\OT1/cmr/m/n/12 8 \OMS/cmsy/m/n/12 ^^@ \OT1/cmr/m/n/12 8\OML/cmm/m/it/12 :\OT1/cmr/m/n/12 585)[] + (8\OML/cmm/m/it/12 :\OT1/cmr/m/n/12 3 \OMS/cmsy/m/n/12 ^^@ \OT1/cmr/m/n/12 8\OML/cmm/m/it/12 :\OT1/cmr/m/n/12 585)[] + (9\OML/cmm/m/it/12 :\OT1/cmr/m/n/12 3 \OMS/cmsy/m/n/12 ^^@ \OT1/cmr/m/n/12 8\OML/cmm/m/it/12 :\OT1/cmr/m/n/12 585)[] + (8\OML/cmm/m/it/12 :\OT1/cmr/m/n/12 0 \OMS/cmsy/m/n/12 ^^@ \OT1/cmr/m/n/12 8\OML/cmm/m/it/12 :\OT1/cmr/m/n/12 585)[] + (8\OML/cmm/m/it/12 :\OT1/cmr/m/n/12 9 \OMS/cmsy/m/n/12 ^^@ \OT1/cmr/m/n/12 8\OML/cmm/m/it/12 :\OT1/cmr/m/n/12 585)[] + (8\OML/cmm/m/it/12 :\OT1/cmr/m/n/12 4 \OMS/cmsy/m/n/12 ^^@ \OT1/cmr/m/n/12 8\OML/cmm/m/it/12 :\OT1/cmr/m/n/12 585)[] + (8\OML/cmm/m/it/12 :\OT1/cmr/m/n/12 6 \OMS/cmsy/m/n/12 ^^@ \OT1/cmr/m/n/12 8\OML/cmm/m/it/12 :\OT1/cmr/m/n/12 585)[]
 []


Underfull \hbox (badness 10000) in paragraph at lines 662--665

 []


Underfull \hbox (badness 10000) in paragraph at lines 665--667

 []


Overfull \hbox (4.10594pt too wide) in paragraph at lines 701--702
[]\OT1/cmr/bx/n/12 ( 8 points ) \OT1/cmr/m/n/12 Sim-u-late the con-struc-tion of con-fi-dence in-ter-vals for dif-fer-ent sam-ple sizes, and con-fi-dence lev-els, Vary $\OML/cmm/m/it/12 n \OMS/cmsy/m/n/12 2 \OT1/cmr/m/n/12 [10\OML/cmm/m/it/12 ; \OT1/cmr/m/n/12 500\OML/cmm/m/it/12 ; [] \OT1/cmr/m/n/12 =
 []

[10]
Underfull \hbox (badness 10000) in paragraph at lines 791--793

 []

[11] [12]
Underfull \hbox (badness 10000) in paragraph at lines 962--965

 []

[13] [14] (./hw3.aux)
 ***********
LaTeX2e <2023-11-01> patch level 1
L3 programming layer <2024-01-22>
 ***********
 ) 
Here is how much of TeX's memory you used:
 2358 strings out of 474222
 36037 string characters out of 5748733
 1948975 words of memory out of 5000000
 24626 multiletter control sequences out of 15000+600000
 566847 words of font info for 70 fonts, out of 8000000 for 9000
 1141 hyphenation exceptions out of 8191
 57i,9n,65p,636b,288s stack positions out of 10000i,1000n,20000p,200000b,200000s
</usr/share/texlive/texmf-dist/fonts/type1/public/amsfonts/cm/cmbx12.pfb></usr/share/texlive/texmf-dist/fonts/type1/public/amsfonts/cm/cmex10.pfb></usr/share/texlive/texmf-dist/fonts/type1/public/amsfonts/cm/cmmi12.pfb></usr/share/texlive/texmf-dist/fonts/type1/public/amsfonts/cm/cmmi6.pfb></usr/share/texlive/texmf-dist/fonts/type1/public/amsfonts/cm/cmmi8.pfb></usr/share/texlive/texmf-dist/fonts/type1/public/amsfonts/cm/cmr12.pfb></usr/share/texlive/texmf-dist/fonts/type1/public/amsfonts/cm/cmr17.pfb></usr/share/texlive/texmf-dist/fonts/type1/public/amsfonts/cm/cmr6.pfb></usr/share/texlive/texmf-dist/fonts/type1/public/amsfonts/cm/cmr8.pfb></usr/share/texlive/texmf-dist/fonts/type1/public/amsfonts/cm/cmsy10.pfb></usr/share/texlive/texmf-dist/fonts/type1/public/amsfonts/cm/cmsy6.pfb></usr/share/texlive/texmf-dist/fonts/type1/public/amsfonts/cm/cmsy8.pfb>
Output written on hw3.pdf (14 pages, 200806 bytes).
PDF statistics:
 110 PDF objects out of 1000 (max. 8388607)
 69 compressed objects within 1 object stream
 0 named destinations out of 1000 (max. 500000)
 1 words of extra memory for PDF output out of 10000 (max. 10000000)

